<?xml version="1.0" encoding="UTF-8"?>
<testng-results ignored="0" total="1" passed="1" failed="0" skipped="0">
  <reporter-output>
  </reporter-output>
  <suite started-at="2025-07-29T11:15:46 EDT" name="Default suite" finished-at="2025-07-29T11:15:55 EDT" duration-ms="8635">
    <groups>
    </groups>
    <test started-at="2025-07-29T11:15:46 EDT" name="Default test" finished-at="2025-07-29T11:15:55 EDT" duration-ms="8635">
      <class name="com.api.automation.selenium_demo.Ex_01_Demos.Example_25">
        <test-method signature="TC_25()[pri:0, instance:com.api.automation.selenium_demo.Ex_01_Demos.Example_25@503df2d0]" started-at="2025-07-29T11:15:46 EDT" name="TC_25" finished-at="2025-07-29T11:15:55 EDT" duration-ms="8481" status="PASS">
          <reporter-output>
          </reporter-output>
        </test-method> <!-- TC_25 -->
      </class> <!-- com.api.automation.selenium_demo.Ex_01_Demos.Example_25 -->
    </test> <!-- Default test -->
  </suite> <!-- Default suite -->
</testng-results>
