<?xml version="1.0" encoding="UTF-8"?>
<testng-results ignored="0" total="76" passed="76" failed="0" skipped="0">
  <reporter-output>
  </reporter-output>
  <suite started-at="2025-07-21T11:46:43 EDT" name="Default suite" finished-at="2025-07-21T11:46:45 EDT" duration-ms="1448">
    <groups>
    </groups>
    <test started-at="2025-07-21T11:46:43 EDT" name="Default test" finished-at="2025-07-21T11:46:45 EDT" duration-ms="1448">
      <class name="com.api.automation.selenium_demo.Ex_01_Demos.Example_21">
        <test-method signature="TC_21(java.lang.String,java.lang.String)[pri:0, instance:com.api.automation.selenium_demo.Ex_01_Demos.Example_21@7ae42ce3]" started-at="2025-07-21T11:46:44 EDT" name="TC_21" data-provider="getData" finished-at="2025-07-21T11:46:44 EDT" duration-ms="34" status="PASS">
          <params>
            <param index="0">
              <value>
                <![CDATA[joselopez0944@slingacademy.com]]>
              </value>
            </param>
            <param index="1">
              <value>
                <![CDATA[8500.0]]>
              </value>
            </param>
          </params>
          <reporter-output>
          </reporter-output>
        </test-method> <!-- TC_21 -->
        <test-method signature="TC_21(java.lang.String,java.lang.String)[pri:0, instance:com.api.automation.selenium_demo.Ex_01_Demos.Example_21@7ae42ce3]" started-at="2025-07-21T11:46:44 EDT" name="TC_21" data-provider="getData" finished-at="2025-07-21T11:46:44 EDT" duration-ms="3" status="PASS">
          <params>
            <param index="0">
              <value>
                <![CDATA[dianecarter1228@slingacademy.com]]>
              </value>
            </param>
            <param index="1">
              <value>
                <![CDATA[7000.0]]>
              </value>
            </param>
          </params>
          <reporter-output>
          </reporter-output>
        </test-method> <!-- TC_21 -->
        <test-method signature="TC_21(java.lang.String,java.lang.String)[pri:0, instance:com.api.automation.selenium_demo.Ex_01_Demos.Example_21@7ae42ce3]" started-at="2025-07-21T11:46:44 EDT" name="TC_21" data-provider="getData" finished-at="2025-07-21T11:46:44 EDT" duration-ms="3" status="PASS">
          <params>
            <param index="0">
              <value>
                <![CDATA[shawnfoster2695@slingacademy.com]]>
              </value>
            </param>
            <param index="1">
              <value>
                <![CDATA[17000.0]]>
              </value>
            </param>
          </params>
          <reporter-output>
          </reporter-output>
        </test-method> <!-- TC_21 -->
        <test-method signature="TC_21(java.lang.String,java.lang.String)[pri:0, instance:com.api.automation.selenium_demo.Ex_01_Demos.Example_21@7ae42ce3]" started-at="2025-07-21T11:46:44 EDT" name="TC_21" data-provider="getData" finished-at="2025-07-21T11:46:44 EDT" duration-ms="2" status="PASS">
          <params>
            <param index="0">
              <value>
                <![CDATA[brendafisher3185@slingacademy.com]]>
              </value>
            </param>
            <param index="1">
              <value>
                <![CDATA[10000.0]]>
              </value>
            </param>
          </params>
          <reporter-output>
          </reporter-output>
        </test-method> <!-- TC_21 -->
        <test-method signature="TC_21(java.lang.String,java.lang.String)[pri:0, instance:com.api.automation.selenium_demo.Ex_01_Demos.Example_21@7ae42ce3]" started-at="2025-07-21T11:46:44 EDT" name="TC_21" data-provider="getData" finished-at="2025-07-21T11:46:44 EDT" duration-ms="3" status="PASS">
          <params>
            <param index="0">
              <value>
                <![CDATA[seanhunter4753@slingacademy.com]]>
              </value>
            </param>
            <param index="1">
              <value>
                <![CDATA[14500.0]]>
              </value>
            </param>
          </params>
          <reporter-output>
          </reporter-output>
        </test-method> <!-- TC_21 -->
        <test-method signature="TC_21(java.lang.String,java.lang.String)[pri:0, instance:com.api.automation.selenium_demo.Ex_01_Demos.Example_21@7ae42ce3]" started-at="2025-07-21T11:46:44 EDT" name="TC_21" data-provider="getData" finished-at="2025-07-21T11:46:44 EDT" duration-ms="2" status="PASS">
          <params>
            <param index="0">
              <value>
                <![CDATA[joshuajacobs5904@slingacademy.com]]>
              </value>
            </param>
            <param index="1">
              <value>
                <![CDATA[10500.0]]>
              </value>
            </param>
          </params>
          <reporter-output>
          </reporter-output>
        </test-method> <!-- TC_21 -->
        <test-method signature="TC_21(java.lang.String,java.lang.String)[pri:0, instance:com.api.automation.selenium_demo.Ex_01_Demos.Example_21@7ae42ce3]" started-at="2025-07-21T11:46:44 EDT" name="TC_21" data-provider="getData" finished-at="2025-07-21T11:46:44 EDT" duration-ms="4" status="PASS">
          <params>
            <param index="0">
              <value>
                <![CDATA[briannamarshall6438@slingacademy.com]]>
              </value>
            </param>
            <param index="1">
              <value>
                <![CDATA[11000.0]]>
              </value>
            </param>
          </params>
          <reporter-output>
          </reporter-output>
        </test-method> <!-- TC_21 -->
        <test-method signature="TC_21(java.lang.String,java.lang.String)[pri:0, instance:com.api.automation.selenium_demo.Ex_01_Demos.Example_21@7ae42ce3]" started-at="2025-07-21T11:46:44 EDT" name="TC_21" data-provider="getData" finished-at="2025-07-21T11:46:44 EDT" duration-ms="3" status="PASS">
          <params>
            <param index="0">
              <value>
                <![CDATA[johntate7881@slingacademy.com]]>
              </value>
            </param>
            <param index="1">
              <value>
                <![CDATA[11000.0]]>
              </value>
            </param>
          </params>
          <reporter-output>
          </reporter-output>
        </test-method> <!-- TC_21 -->
        <test-method signature="TC_21(java.lang.String,java.lang.String)[pri:0, instance:com.api.automation.selenium_demo.Ex_01_Demos.Example_21@7ae42ce3]" started-at="2025-07-21T11:46:44 EDT" name="TC_21" data-provider="getData" finished-at="2025-07-21T11:46:44 EDT" duration-ms="3" status="PASS">
          <params>
            <param index="0">
              <value>
                <![CDATA[jillianbyrd8170@slingacademy.com]]>
              </value>
            </param>
            <param index="1">
              <value>
                <![CDATA[11000.0]]>
              </value>
            </param>
          </params>
          <reporter-output>
          </reporter-output>
        </test-method> <!-- TC_21 -->
        <test-method signature="TC_21(java.lang.String,java.lang.String)[pri:0, instance:com.api.automation.selenium_demo.Ex_01_Demos.Example_21@7ae42ce3]" started-at="2025-07-21T11:46:44 EDT" name="TC_21" data-provider="getData" finished-at="2025-07-21T11:46:44 EDT" duration-ms="3" status="PASS">
          <params>
            <param index="0">
              <value>
                <![CDATA[melaniesharp9256@slingacademy.com]]>
              </value>
            </param>
            <param index="1">
              <value>
                <![CDATA[14500.0]]>
              </value>
            </param>
          </params>
          <reporter-output>
          </reporter-output>
        </test-method> <!-- TC_21 -->
        <test-method signature="TC_21(java.lang.String,java.lang.String)[pri:0, instance:com.api.automation.selenium_demo.Ex_01_Demos.Example_21@7ae42ce3]" started-at="2025-07-21T11:46:44 EDT" name="TC_21" data-provider="getData" finished-at="2025-07-21T11:46:44 EDT" duration-ms="2" status="PASS">
          <params>
            <param index="0">
              <value>
                <![CDATA[brandymckee10500@slingacademy.com]]>
              </value>
            </param>
            <param index="1">
              <value>
                <![CDATA[14000.0]]>
              </value>
            </param>
          </params>
          <reporter-output>
          </reporter-output>
        </test-method> <!-- TC_21 -->
        <test-method signature="TC_21(java.lang.String,java.lang.String)[pri:0, instance:com.api.automation.selenium_demo.Ex_01_Demos.Example_21@7ae42ce3]" started-at="2025-07-21T11:46:44 EDT" name="TC_21" data-provider="getData" finished-at="2025-07-21T11:46:44 EDT" duration-ms="4" status="PASS">
          <params>
            <param index="0">
              <value>
                <![CDATA[robertsimpson11778@slingacademy.com]]>
              </value>
            </param>
            <param index="1">
              <value>
                <![CDATA[15000.0]]>
              </value>
            </param>
          </params>
          <reporter-output>
          </reporter-output>
        </test-method> <!-- TC_21 -->
        <test-method signature="TC_21(java.lang.String,java.lang.String)[pri:0, instance:com.api.automation.selenium_demo.Ex_01_Demos.Example_21@7ae42ce3]" started-at="2025-07-21T11:46:44 EDT" name="TC_21" data-provider="getData" finished-at="2025-07-21T11:46:44 EDT" duration-ms="4" status="PASS">
          <params>
            <param index="0">
              <value>
                <![CDATA[georgemckenzie12384@slingacademy.com]]>
              </value>
            </param>
            <param index="1">
              <value>
                <![CDATA[10000.0]]>
              </value>
            </param>
          </params>
          <reporter-output>
          </reporter-output>
        </test-method> <!-- TC_21 -->
        <test-method signature="TC_21(java.lang.String,java.lang.String)[pri:0, instance:com.api.automation.selenium_demo.Ex_01_Demos.Example_21@7ae42ce3]" started-at="2025-07-21T11:46:44 EDT" name="TC_21" data-provider="getData" finished-at="2025-07-21T11:46:44 EDT" duration-ms="3" status="PASS">
          <params>
            <param index="0">
              <value>
                <![CDATA[josephsmith13724@slingacademy.com]]>
              </value>
            </param>
            <param index="1">
              <value>
                <![CDATA[14000.0]]>
              </value>
            </param>
          </params>
          <reporter-output>
          </reporter-output>
        </test-method> <!-- TC_21 -->
        <test-method signature="TC_21(java.lang.String,java.lang.String)[pri:0, instance:com.api.automation.selenium_demo.Ex_01_Demos.Example_21@7ae42ce3]" started-at="2025-07-21T11:46:44 EDT" name="TC_21" data-provider="getData" finished-at="2025-07-21T11:46:44 EDT" duration-ms="3" status="PASS">
          <params>
            <param index="0">
              <value>
                <![CDATA[danacrawford14310@slingacademy.com]]>
              </value>
            </param>
            <param index="1">
              <value>
                <![CDATA[12000.0]]>
              </value>
            </param>
          </params>
          <reporter-output>
          </reporter-output>
        </test-method> <!-- TC_21 -->
        <test-method signature="TC_21(java.lang.String,java.lang.String)[pri:0, instance:com.api.automation.selenium_demo.Ex_01_Demos.Example_21@7ae42ce3]" started-at="2025-07-21T11:46:44 EDT" name="TC_21" data-provider="getData" finished-at="2025-07-21T11:46:44 EDT" duration-ms="3" status="PASS">
          <params>
            <param index="0">
              <value>
                <![CDATA[christopherbenson15937@slingacademy.com]]>
              </value>
            </param>
            <param index="1">
              <value>
                <![CDATA[7500.0]]>
              </value>
            </param>
          </params>
          <reporter-output>
          </reporter-output>
        </test-method> <!-- TC_21 -->
        <test-method signature="TC_21(java.lang.String,java.lang.String)[pri:0, instance:com.api.automation.selenium_demo.Ex_01_Demos.Example_21@7ae42ce3]" started-at="2025-07-21T11:46:44 EDT" name="TC_21" data-provider="getData" finished-at="2025-07-21T11:46:44 EDT" duration-ms="3" status="PASS">
          <params>
            <param index="0">
              <value>
                <![CDATA[nicolesmith16360@slingacademy.com]]>
              </value>
            </param>
            <param index="1">
              <value>
                <![CDATA[10000.0]]>
              </value>
            </param>
          </params>
          <reporter-output>
          </reporter-output>
        </test-method> <!-- TC_21 -->
        <test-method signature="TC_21(java.lang.String,java.lang.String)[pri:0, instance:com.api.automation.selenium_demo.Ex_01_Demos.Example_21@7ae42ce3]" started-at="2025-07-21T11:46:44 EDT" name="TC_21" data-provider="getData" finished-at="2025-07-21T11:46:45 EDT" duration-ms="3" status="PASS">
          <params>
            <param index="0">
              <value>
                <![CDATA[peterjimenez17791@slingacademy.com]]>
              </value>
            </param>
            <param index="1">
              <value>
                <![CDATA[6500.0]]>
              </value>
            </param>
          </params>
          <reporter-output>
          </reporter-output>
        </test-method> <!-- TC_21 -->
        <test-method signature="TC_21(java.lang.String,java.lang.String)[pri:0, instance:com.api.automation.selenium_demo.Ex_01_Demos.Example_21@7ae42ce3]" started-at="2025-07-21T11:46:45 EDT" name="TC_21" data-provider="getData" finished-at="2025-07-21T11:46:45 EDT" duration-ms="4" status="PASS">
          <params>
            <param index="0">
              <value>
                <![CDATA[sergioboyle18425@slingacademy.com]]>
              </value>
            </param>
            <param index="1">
              <value>
                <![CDATA[9000.0]]>
              </value>
            </param>
          </params>
          <reporter-output>
          </reporter-output>
        </test-method> <!-- TC_21 -->
        <test-method signature="TC_21(java.lang.String,java.lang.String)[pri:0, instance:com.api.automation.selenium_demo.Ex_01_Demos.Example_21@7ae42ce3]" started-at="2025-07-21T11:46:45 EDT" name="TC_21" data-provider="getData" finished-at="2025-07-21T11:46:45 EDT" duration-ms="2" status="PASS">
          <params>
            <param index="0">
              <value>
                <![CDATA[briannamoss19517@slingacademy.com]]>
              </value>
            </param>
            <param index="1">
              <value>
                <![CDATA[10500.0]]>
              </value>
            </param>
          </params>
          <reporter-output>
          </reporter-output>
        </test-method> <!-- TC_21 -->
        <test-method signature="TC_21(java.lang.String,java.lang.String)[pri:0, instance:com.api.automation.selenium_demo.Ex_01_Demos.Example_21@7ae42ce3]" started-at="2025-07-21T11:46:45 EDT" name="TC_21" data-provider="getData" finished-at="2025-07-21T11:46:45 EDT" duration-ms="4" status="PASS">
          <params>
            <param index="0">
              <value>
                <![CDATA[taylorgarner20196@slingacademy.com]]>
              </value>
            </param>
            <param index="1">
              <value>
                <![CDATA[11000.0]]>
              </value>
            </param>
          </params>
          <reporter-output>
          </reporter-output>
        </test-method> <!-- TC_21 -->
        <test-method signature="TC_21(java.lang.String,java.lang.String)[pri:0, instance:com.api.automation.selenium_demo.Ex_01_Demos.Example_21@7ae42ce3]" started-at="2025-07-21T11:46:45 EDT" name="TC_21" data-provider="getData" finished-at="2025-07-21T11:46:45 EDT" duration-ms="2" status="PASS">
          <params>
            <param index="0">
              <value>
                <![CDATA[michaelpadilla21381@slingacademy.com]]>
              </value>
            </param>
            <param index="1">
              <value>
                <![CDATA[9500.0]]>
              </value>
            </param>
          </params>
          <reporter-output>
          </reporter-output>
        </test-method> <!-- TC_21 -->
        <test-method signature="TC_21(java.lang.String,java.lang.String)[pri:0, instance:com.api.automation.selenium_demo.Ex_01_Demos.Example_21@7ae42ce3]" started-at="2025-07-21T11:46:45 EDT" name="TC_21" data-provider="getData" finished-at="2025-07-21T11:46:45 EDT" duration-ms="2" status="PASS">
          <params>
            <param index="0">
              <value>
                <![CDATA[yvettewalker22744@slingacademy.com]]>
              </value>
            </param>
            <param index="1">
              <value>
                <![CDATA[7000.0]]>
              </value>
            </param>
          </params>
          <reporter-output>
          </reporter-output>
        </test-method> <!-- TC_21 -->
        <test-method signature="TC_21(java.lang.String,java.lang.String)[pri:0, instance:com.api.automation.selenium_demo.Ex_01_Demos.Example_21@7ae42ce3]" started-at="2025-07-21T11:46:45 EDT" name="TC_21" data-provider="getData" finished-at="2025-07-21T11:46:45 EDT" duration-ms="3" status="PASS">
          <params>
            <param index="0">
              <value>
                <![CDATA[kristinapena23750@slingacademy.com]]>
              </value>
            </param>
            <param index="1">
              <value>
                <![CDATA[12500.0]]>
              </value>
            </param>
          </params>
          <reporter-output>
          </reporter-output>
        </test-method> <!-- TC_21 -->
        <test-method signature="TC_21(java.lang.String,java.lang.String)[pri:0, instance:com.api.automation.selenium_demo.Ex_01_Demos.Example_21@7ae42ce3]" started-at="2025-07-21T11:46:45 EDT" name="TC_21" data-provider="getData" finished-at="2025-07-21T11:46:45 EDT" duration-ms="3" status="PASS">
          <params>
            <param index="0">
              <value>
                <![CDATA[vanessareynolds24710@slingacademy.com]]>
              </value>
            </param>
            <param index="1">
              <value>
                <![CDATA[13000.0]]>
              </value>
            </param>
          </params>
          <reporter-output>
          </reporter-output>
        </test-method> <!-- TC_21 -->
        <test-method signature="TC_21(java.lang.String,java.lang.String)[pri:0, instance:com.api.automation.selenium_demo.Ex_01_Demos.Example_21@7ae42ce3]" started-at="2025-07-21T11:46:45 EDT" name="TC_21" data-provider="getData" finished-at="2025-07-21T11:46:45 EDT" duration-ms="2" status="PASS">
          <params>
            <param index="0">
              <value>
                <![CDATA[robertsuarez25924@slingacademy.com]]>
              </value>
            </param>
            <param index="1">
              <value>
                <![CDATA[9500.0]]>
              </value>
            </param>
          </params>
          <reporter-output>
          </reporter-output>
        </test-method> <!-- TC_21 -->
        <test-method signature="TC_21(java.lang.String,java.lang.String)[pri:0, instance:com.api.automation.selenium_demo.Ex_01_Demos.Example_21@7ae42ce3]" started-at="2025-07-21T11:46:45 EDT" name="TC_21" data-provider="getData" finished-at="2025-07-21T11:46:45 EDT" duration-ms="3" status="PASS">
          <params>
            <param index="0">
              <value>
                <![CDATA[tammyellis26570@slingacademy.com]]>
              </value>
            </param>
            <param index="1">
              <value>
                <![CDATA[14000.0]]>
              </value>
            </param>
          </params>
          <reporter-output>
          </reporter-output>
        </test-method> <!-- TC_21 -->
        <test-method signature="TC_21(java.lang.String,java.lang.String)[pri:0, instance:com.api.automation.selenium_demo.Ex_01_Demos.Example_21@7ae42ce3]" started-at="2025-07-21T11:46:45 EDT" name="TC_21" data-provider="getData" finished-at="2025-07-21T11:46:45 EDT" duration-ms="2" status="PASS">
          <params>
            <param index="0">
              <value>
                <![CDATA[rodneyporter27496@slingacademy.com]]>
              </value>
            </param>
            <param index="1">
              <value>
                <![CDATA[9500.0]]>
              </value>
            </param>
          </params>
          <reporter-output>
          </reporter-output>
        </test-method> <!-- TC_21 -->
        <test-method signature="TC_21(java.lang.String,java.lang.String)[pri:0, instance:com.api.automation.selenium_demo.Ex_01_Demos.Example_21@7ae42ce3]" started-at="2025-07-21T11:46:45 EDT" name="TC_21" data-provider="getData" finished-at="2025-07-21T11:46:45 EDT" duration-ms="3" status="PASS">
          <params>
            <param index="0">
              <value>
                <![CDATA[davidreyes28592@slingacademy.com]]>
              </value>
            </param>
            <param index="1">
              <value>
                <![CDATA[7000.0]]>
              </value>
            </param>
          </params>
          <reporter-output>
          </reporter-output>
        </test-method> <!-- TC_21 -->
        <test-method signature="TC_21(java.lang.String,java.lang.String)[pri:0, instance:com.api.automation.selenium_demo.Ex_01_Demos.Example_21@7ae42ce3]" started-at="2025-07-21T11:46:45 EDT" name="TC_21" data-provider="getData" finished-at="2025-07-21T11:46:45 EDT" duration-ms="3" status="PASS">
          <params>
            <param index="0">
              <value>
                <![CDATA[briankirby29574@slingacademy.com]]>
              </value>
            </param>
            <param index="1">
              <value>
                <![CDATA[10000.0]]>
              </value>
            </param>
          </params>
          <reporter-output>
          </reporter-output>
        </test-method> <!-- TC_21 -->
        <test-method signature="TC_21(java.lang.String,java.lang.String)[pri:0, instance:com.api.automation.selenium_demo.Ex_01_Demos.Example_21@7ae42ce3]" started-at="2025-07-21T11:46:45 EDT" name="TC_21" data-provider="getData" finished-at="2025-07-21T11:46:45 EDT" duration-ms="1" status="PASS">
          <params>
            <param index="0">
              <value>
                <![CDATA[tammywalker30386@slingacademy.com]]>
              </value>
            </param>
            <param index="1">
              <value>
                <![CDATA[8500.0]]>
              </value>
            </param>
          </params>
          <reporter-output>
          </reporter-output>
        </test-method> <!-- TC_21 -->
        <test-method signature="TC_21(java.lang.String,java.lang.String)[pri:0, instance:com.api.automation.selenium_demo.Ex_01_Demos.Example_21@7ae42ce3]" started-at="2025-07-21T11:46:45 EDT" name="TC_21" data-provider="getData" finished-at="2025-07-21T11:46:45 EDT" duration-ms="3" status="PASS">
          <params>
            <param index="0">
              <value>
                <![CDATA[angelastewart31951@slingacademy.com]]>
              </value>
            </param>
            <param index="1">
              <value>
                <![CDATA[10000.0]]>
              </value>
            </param>
          </params>
          <reporter-output>
          </reporter-output>
        </test-method> <!-- TC_21 -->
        <test-method signature="TC_21(java.lang.String,java.lang.String)[pri:0, instance:com.api.automation.selenium_demo.Ex_01_Demos.Example_21@7ae42ce3]" started-at="2025-07-21T11:46:45 EDT" name="TC_21" data-provider="getData" finished-at="2025-07-21T11:46:45 EDT" duration-ms="2" status="PASS">
          <params>
            <param index="0">
              <value>
                <![CDATA[susanparker32865@slingacademy.com]]>
              </value>
            </param>
            <param index="1">
              <value>
                <![CDATA[8500.0]]>
              </value>
            </param>
          </params>
          <reporter-output>
          </reporter-output>
        </test-method> <!-- TC_21 -->
        <test-method signature="TC_21(java.lang.String,java.lang.String)[pri:0, instance:com.api.automation.selenium_demo.Ex_01_Demos.Example_21@7ae42ce3]" started-at="2025-07-21T11:46:45 EDT" name="TC_21" data-provider="getData" finished-at="2025-07-21T11:46:45 EDT" duration-ms="2" status="PASS">
          <params>
            <param index="0">
              <value>
                <![CDATA[roberthogan33599@slingacademy.com]]>
              </value>
            </param>
            <param index="1">
              <value>
                <![CDATA[7000.0]]>
              </value>
            </param>
          </params>
          <reporter-output>
          </reporter-output>
        </test-method> <!-- TC_21 -->
        <test-method signature="TC_21(java.lang.String,java.lang.String)[pri:0, instance:com.api.automation.selenium_demo.Ex_01_Demos.Example_21@7ae42ce3]" started-at="2025-07-21T11:46:45 EDT" name="TC_21" data-provider="getData" finished-at="2025-07-21T11:46:45 EDT" duration-ms="2" status="PASS">
          <params>
            <param index="0">
              <value>
                <![CDATA[dawnpham34908@slingacademy.com]]>
              </value>
            </param>
            <param index="1">
              <value>
                <![CDATA[9000.0]]>
              </value>
            </param>
          </params>
          <reporter-output>
          </reporter-output>
        </test-method> <!-- TC_21 -->
        <test-method signature="TC_21(java.lang.String,java.lang.String)[pri:0, instance:com.api.automation.selenium_demo.Ex_01_Demos.Example_21@7ae42ce3]" started-at="2025-07-21T11:46:45 EDT" name="TC_21" data-provider="getData" finished-at="2025-07-21T11:46:45 EDT" duration-ms="2" status="PASS">
          <params>
            <param index="0">
              <value>
                <![CDATA[karenduke35869@slingacademy.com]]>
              </value>
            </param>
            <param index="1">
              <value>
                <![CDATA[11000.0]]>
              </value>
            </param>
          </params>
          <reporter-output>
          </reporter-output>
        </test-method> <!-- TC_21 -->
        <test-method signature="TC_21(java.lang.String,java.lang.String)[pri:0, instance:com.api.automation.selenium_demo.Ex_01_Demos.Example_21@7ae42ce3]" started-at="2025-07-21T11:46:45 EDT" name="TC_21" data-provider="getData" finished-at="2025-07-21T11:46:45 EDT" duration-ms="2" status="PASS">
          <params>
            <param index="0">
              <value>
                <![CDATA[julianthompson36437@slingacademy.com]]>
              </value>
            </param>
            <param index="1">
              <value>
                <![CDATA[7000.0]]>
              </value>
            </param>
          </params>
          <reporter-output>
          </reporter-output>
        </test-method> <!-- TC_21 -->
        <test-method signature="TC_21(java.lang.String,java.lang.String)[pri:0, instance:com.api.automation.selenium_demo.Ex_01_Demos.Example_21@7ae42ce3]" started-at="2025-07-21T11:46:45 EDT" name="TC_21" data-provider="getData" finished-at="2025-07-21T11:46:45 EDT" duration-ms="2" status="PASS">
          <params>
            <param index="0">
              <value>
                <![CDATA[daisyperry37789@slingacademy.com]]>
              </value>
            </param>
            <param index="1">
              <value>
                <![CDATA[9500.0]]>
              </value>
            </param>
          </params>
          <reporter-output>
          </reporter-output>
        </test-method> <!-- TC_21 -->
        <test-method signature="TC_21(java.lang.String,java.lang.String)[pri:0, instance:com.api.automation.selenium_demo.Ex_01_Demos.Example_21@7ae42ce3]" started-at="2025-07-21T11:46:45 EDT" name="TC_21" data-provider="getData" finished-at="2025-07-21T11:46:45 EDT" duration-ms="2" status="PASS">
          <params>
            <param index="0">
              <value>
                <![CDATA[sarahsmith38793@slingacademy.com]]>
              </value>
            </param>
            <param index="1">
              <value>
                <![CDATA[6000.0]]>
              </value>
            </param>
          </params>
          <reporter-output>
          </reporter-output>
        </test-method> <!-- TC_21 -->
        <test-method signature="TC_21(java.lang.String,java.lang.String)[pri:0, instance:com.api.automation.selenium_demo.Ex_01_Demos.Example_21@7ae42ce3]" started-at="2025-07-21T11:46:45 EDT" name="TC_21" data-provider="getData" finished-at="2025-07-21T11:46:45 EDT" duration-ms="3" status="PASS">
          <params>
            <param index="0">
              <value>
                <![CDATA[ericrandolph39291@slingacademy.com]]>
              </value>
            </param>
            <param index="1">
              <value>
                <![CDATA[8500.0]]>
              </value>
            </param>
          </params>
          <reporter-output>
          </reporter-output>
        </test-method> <!-- TC_21 -->
        <test-method signature="TC_21(java.lang.String,java.lang.String)[pri:0, instance:com.api.automation.selenium_demo.Ex_01_Demos.Example_21@7ae42ce3]" started-at="2025-07-21T11:46:45 EDT" name="TC_21" data-provider="getData" finished-at="2025-07-21T11:46:45 EDT" duration-ms="2" status="PASS">
          <params>
            <param index="0">
              <value>
                <![CDATA[williamkeller40838@slingacademy.com]]>
              </value>
            </param>
            <param index="1">
              <value>
                <![CDATA[8000.0]]>
              </value>
            </param>
          </params>
          <reporter-output>
          </reporter-output>
        </test-method> <!-- TC_21 -->
        <test-method signature="TC_21(java.lang.String,java.lang.String)[pri:0, instance:com.api.automation.selenium_demo.Ex_01_Demos.Example_21@7ae42ce3]" started-at="2025-07-21T11:46:45 EDT" name="TC_21" data-provider="getData" finished-at="2025-07-21T11:46:45 EDT" duration-ms="2" status="PASS">
          <params>
            <param index="0">
              <value>
                <![CDATA[georgesalas41217@slingacademy.com]]>
              </value>
            </param>
            <param index="1">
              <value>
                <![CDATA[10500.0]]>
              </value>
            </param>
          </params>
          <reporter-output>
          </reporter-output>
        </test-method> <!-- TC_21 -->
        <test-method signature="TC_21(java.lang.String,java.lang.String)[pri:0, instance:com.api.automation.selenium_demo.Ex_01_Demos.Example_21@7ae42ce3]" started-at="2025-07-21T11:46:45 EDT" name="TC_21" data-provider="getData" finished-at="2025-07-21T11:46:45 EDT" duration-ms="3" status="PASS">
          <params>
            <param index="0">
              <value>
                <![CDATA[alyssaarcher42600@slingacademy.com]]>
              </value>
            </param>
            <param index="1">
              <value>
                <![CDATA[15500.0]]>
              </value>
            </param>
          </params>
          <reporter-output>
          </reporter-output>
        </test-method> <!-- TC_21 -->
        <test-method signature="TC_21(java.lang.String,java.lang.String)[pri:0, instance:com.api.automation.selenium_demo.Ex_01_Demos.Example_21@7ae42ce3]" started-at="2025-07-21T11:46:45 EDT" name="TC_21" data-provider="getData" finished-at="2025-07-21T11:46:45 EDT" duration-ms="2" status="PASS">
          <params>
            <param index="0">
              <value>
                <![CDATA[danielwagner43907@slingacademy.com]]>
              </value>
            </param>
            <param index="1">
              <value>
                <![CDATA[12500.0]]>
              </value>
            </param>
          </params>
          <reporter-output>
          </reporter-output>
        </test-method> <!-- TC_21 -->
        <test-method signature="TC_21(java.lang.String,java.lang.String)[pri:0, instance:com.api.automation.selenium_demo.Ex_01_Demos.Example_21@7ae42ce3]" started-at="2025-07-21T11:46:45 EDT" name="TC_21" data-provider="getData" finished-at="2025-07-21T11:46:45 EDT" duration-ms="2" status="PASS">
          <params>
            <param index="0">
              <value>
                <![CDATA[davidhoward44518@slingacademy.com]]>
              </value>
            </param>
            <param index="1">
              <value>
                <![CDATA[11500.0]]>
              </value>
            </param>
          </params>
          <reporter-output>
          </reporter-output>
        </test-method> <!-- TC_21 -->
        <test-method signature="TC_21(java.lang.String,java.lang.String)[pri:0, instance:com.api.automation.selenium_demo.Ex_01_Demos.Example_21@7ae42ce3]" started-at="2025-07-21T11:46:45 EDT" name="TC_21" data-provider="getData" finished-at="2025-07-21T11:46:45 EDT" duration-ms="3" status="PASS">
          <params>
            <param index="0">
              <value>
                <![CDATA[brettfriedman45236@slingacademy.com]]>
              </value>
            </param>
            <param index="1">
              <value>
                <![CDATA[10000.0]]>
              </value>
            </param>
          </params>
          <reporter-output>
          </reporter-output>
        </test-method> <!-- TC_21 -->
        <test-method signature="TC_21(java.lang.String,java.lang.String)[pri:0, instance:com.api.automation.selenium_demo.Ex_01_Demos.Example_21@7ae42ce3]" started-at="2025-07-21T11:46:45 EDT" name="TC_21" data-provider="getData" finished-at="2025-07-21T11:46:45 EDT" duration-ms="1" status="PASS">
          <params>
            <param index="0">
              <value>
                <![CDATA[shaunharris46875@slingacademy.com]]>
              </value>
            </param>
            <param index="1">
              <value>
                <![CDATA[6500.0]]>
              </value>
            </param>
          </params>
          <reporter-output>
          </reporter-output>
        </test-method> <!-- TC_21 -->
        <test-method signature="TC_21(java.lang.String,java.lang.String)[pri:0, instance:com.api.automation.selenium_demo.Ex_01_Demos.Example_21@7ae42ce3]" started-at="2025-07-21T11:46:45 EDT" name="TC_21" data-provider="getData" finished-at="2025-07-21T11:46:45 EDT" duration-ms="2" status="PASS">
          <params>
            <param index="0">
              <value>
                <![CDATA[jasonmorris47229@slingacademy.com]]>
              </value>
            </param>
            <param index="1">
              <value>
                <![CDATA[9500.0]]>
              </value>
            </param>
          </params>
          <reporter-output>
          </reporter-output>
        </test-method> <!-- TC_21 -->
        <test-method signature="TC_21(java.lang.String,java.lang.String)[pri:0, instance:com.api.automation.selenium_demo.Ex_01_Demos.Example_21@7ae42ce3]" started-at="2025-07-21T11:46:45 EDT" name="TC_21" data-provider="getData" finished-at="2025-07-21T11:46:45 EDT" duration-ms="3" status="PASS">
          <params>
            <param index="0">
              <value>
                <![CDATA[jessemcdaniel48348@slingacademy.com]]>
              </value>
            </param>
            <param index="1">
              <value>
                <![CDATA[11500.0]]>
              </value>
            </param>
          </params>
          <reporter-output>
          </reporter-output>
        </test-method> <!-- TC_21 -->
        <test-method signature="TC_21(java.lang.String,java.lang.String)[pri:0, instance:com.api.automation.selenium_demo.Ex_01_Demos.Example_21@7ae42ce3]" started-at="2025-07-21T11:46:45 EDT" name="TC_21" data-provider="getData" finished-at="2025-07-21T11:46:45 EDT" duration-ms="2" status="PASS">
          <params>
            <param index="0">
              <value>
                <![CDATA[jessicatorres49971@slingacademy.com]]>
              </value>
            </param>
            <param index="1">
              <value>
                <![CDATA[9500.0]]>
              </value>
            </param>
          </params>
          <reporter-output>
          </reporter-output>
        </test-method> <!-- TC_21 -->
        <test-method signature="TC_21(java.lang.String,java.lang.String)[pri:0, instance:com.api.automation.selenium_demo.Ex_01_Demos.Example_21@7ae42ce3]" started-at="2025-07-21T11:46:45 EDT" name="TC_21" data-provider="getData" finished-at="2025-07-21T11:46:45 EDT" duration-ms="1" status="PASS">
          <params>
            <param index="0">
              <value>
                <![CDATA[bradleygarcia50896@slingacademy.com]]>
              </value>
            </param>
            <param index="1">
              <value>
                <![CDATA[6500.0]]>
              </value>
            </param>
          </params>
          <reporter-output>
          </reporter-output>
        </test-method> <!-- TC_21 -->
        <test-method signature="TC_21(java.lang.String,java.lang.String)[pri:0, instance:com.api.automation.selenium_demo.Ex_01_Demos.Example_21@7ae42ce3]" started-at="2025-07-21T11:46:45 EDT" name="TC_21" data-provider="getData" finished-at="2025-07-21T11:46:45 EDT" duration-ms="1" status="PASS">
          <params>
            <param index="0">
              <value>
                <![CDATA[christopherwalker51808@slingacademy.com]]>
              </value>
            </param>
            <param index="1">
              <value>
                <![CDATA[5500.0]]>
              </value>
            </param>
          </params>
          <reporter-output>
          </reporter-output>
        </test-method> <!-- TC_21 -->
        <test-method signature="TC_21(java.lang.String,java.lang.String)[pri:0, instance:com.api.automation.selenium_demo.Ex_01_Demos.Example_21@7ae42ce3]" started-at="2025-07-21T11:46:45 EDT" name="TC_21" data-provider="getData" finished-at="2025-07-21T11:46:45 EDT" duration-ms="3" status="PASS">
          <params>
            <param index="0">
              <value>
                <![CDATA[jasonboyd52182@slingacademy.com]]>
              </value>
            </param>
            <param index="1">
              <value>
                <![CDATA[15000.0]]>
              </value>
            </param>
          </params>
          <reporter-output>
          </reporter-output>
        </test-method> <!-- TC_21 -->
        <test-method signature="TC_21(java.lang.String,java.lang.String)[pri:0, instance:com.api.automation.selenium_demo.Ex_01_Demos.Example_21@7ae42ce3]" started-at="2025-07-21T11:46:45 EDT" name="TC_21" data-provider="getData" finished-at="2025-07-21T11:46:45 EDT" duration-ms="2" status="PASS">
          <params>
            <param index="0">
              <value>
                <![CDATA[colleencooper53362@slingacademy.com]]>
              </value>
            </param>
            <param index="1">
              <value>
                <![CDATA[10500.0]]>
              </value>
            </param>
          </params>
          <reporter-output>
          </reporter-output>
        </test-method> <!-- TC_21 -->
        <test-method signature="TC_21(java.lang.String,java.lang.String)[pri:0, instance:com.api.automation.selenium_demo.Ex_01_Demos.Example_21@7ae42ce3]" started-at="2025-07-21T11:46:45 EDT" name="TC_21" data-provider="getData" finished-at="2025-07-21T11:46:45 EDT" duration-ms="2" status="PASS">
          <params>
            <param index="0">
              <value>
                <![CDATA[laurierobinson54980@slingacademy.com]]>
              </value>
            </param>
            <param index="1">
              <value>
                <![CDATA[13500.0]]>
              </value>
            </param>
          </params>
          <reporter-output>
          </reporter-output>
        </test-method> <!-- TC_21 -->
        <test-method signature="TC_21(java.lang.String,java.lang.String)[pri:0, instance:com.api.automation.selenium_demo.Ex_01_Demos.Example_21@7ae42ce3]" started-at="2025-07-21T11:46:45 EDT" name="TC_21" data-provider="getData" finished-at="2025-07-21T11:46:45 EDT" duration-ms="2" status="PASS">
          <params>
            <param index="0">
              <value>
                <![CDATA[tiffanynovak55365@slingacademy.com]]>
              </value>
            </param>
            <param index="1">
              <value>
                <![CDATA[12000.0]]>
              </value>
            </param>
          </params>
          <reporter-output>
          </reporter-output>
        </test-method> <!-- TC_21 -->
        <test-method signature="TC_21(java.lang.String,java.lang.String)[pri:0, instance:com.api.automation.selenium_demo.Ex_01_Demos.Example_21@7ae42ce3]" started-at="2025-07-21T11:46:45 EDT" name="TC_21" data-provider="getData" finished-at="2025-07-21T11:46:45 EDT" duration-ms="2" status="PASS">
          <params>
            <param index="0">
              <value>
                <![CDATA[sophiacoleman56563@slingacademy.com]]>
              </value>
            </param>
            <param index="1">
              <value>
                <![CDATA[13500.0]]>
              </value>
            </param>
          </params>
          <reporter-output>
          </reporter-output>
        </test-method> <!-- TC_21 -->
        <test-method signature="TC_21(java.lang.String,java.lang.String)[pri:0, instance:com.api.automation.selenium_demo.Ex_01_Demos.Example_21@7ae42ce3]" started-at="2025-07-21T11:46:45 EDT" name="TC_21" data-provider="getData" finished-at="2025-07-21T11:46:45 EDT" duration-ms="2" status="PASS">
          <params>
            <param index="0">
              <value>
                <![CDATA[jodiharris57145@slingacademy.com]]>
              </value>
            </param>
            <param index="1">
              <value>
                <![CDATA[13500.0]]>
              </value>
            </param>
          </params>
          <reporter-output>
          </reporter-output>
        </test-method> <!-- TC_21 -->
        <test-method signature="TC_21(java.lang.String,java.lang.String)[pri:0, instance:com.api.automation.selenium_demo.Ex_01_Demos.Example_21@7ae42ce3]" started-at="2025-07-21T11:46:45 EDT" name="TC_21" data-provider="getData" finished-at="2025-07-21T11:46:45 EDT" duration-ms="2" status="PASS">
          <params>
            <param index="0">
              <value>
                <![CDATA[michaelcalhoun58176@slingacademy.com]]>
              </value>
            </param>
            <param index="1">
              <value>
                <![CDATA[7500.0]]>
              </value>
            </param>
          </params>
          <reporter-output>
          </reporter-output>
        </test-method> <!-- TC_21 -->
        <test-method signature="TC_21(java.lang.String,java.lang.String)[pri:0, instance:com.api.automation.selenium_demo.Ex_01_Demos.Example_21@7ae42ce3]" started-at="2025-07-21T11:46:45 EDT" name="TC_21" data-provider="getData" finished-at="2025-07-21T11:46:45 EDT" duration-ms="2" status="PASS">
          <params>
            <param index="0">
              <value>
                <![CDATA[aarontran59178@slingacademy.com]]>
              </value>
            </param>
            <param index="1">
              <value>
                <![CDATA[16500.0]]>
              </value>
            </param>
          </params>
          <reporter-output>
          </reporter-output>
        </test-method> <!-- TC_21 -->
        <test-method signature="TC_21(java.lang.String,java.lang.String)[pri:0, instance:com.api.automation.selenium_demo.Ex_01_Demos.Example_21@7ae42ce3]" started-at="2025-07-21T11:46:45 EDT" name="TC_21" data-provider="getData" finished-at="2025-07-21T11:46:45 EDT" duration-ms="2" status="PASS">
          <params>
            <param index="0">
              <value>
                <![CDATA[karenaguirre60547@slingacademy.com]]>
              </value>
            </param>
            <param index="1">
              <value>
                <![CDATA[13500.0]]>
              </value>
            </param>
          </params>
          <reporter-output>
          </reporter-output>
        </test-method> <!-- TC_21 -->
        <test-method signature="TC_21(java.lang.String,java.lang.String)[pri:0, instance:com.api.automation.selenium_demo.Ex_01_Demos.Example_21@7ae42ce3]" started-at="2025-07-21T11:46:45 EDT" name="TC_21" data-provider="getData" finished-at="2025-07-21T11:46:45 EDT" duration-ms="2" status="PASS">
          <params>
            <param index="0">
              <value>
                <![CDATA[daniellemorrison61394@slingacademy.com]]>
              </value>
            </param>
            <param index="1">
              <value>
                <![CDATA[9500.0]]>
              </value>
            </param>
          </params>
          <reporter-output>
          </reporter-output>
        </test-method> <!-- TC_21 -->
        <test-method signature="TC_21(java.lang.String,java.lang.String)[pri:0, instance:com.api.automation.selenium_demo.Ex_01_Demos.Example_21@7ae42ce3]" started-at="2025-07-21T11:46:45 EDT" name="TC_21" data-provider="getData" finished-at="2025-07-21T11:46:45 EDT" duration-ms="3" status="PASS">
          <params>
            <param index="0">
              <value>
                <![CDATA[amandathomas62614@slingacademy.com]]>
              </value>
            </param>
            <param index="1">
              <value>
                <![CDATA[9000.0]]>
              </value>
            </param>
          </params>
          <reporter-output>
          </reporter-output>
        </test-method> <!-- TC_21 -->
        <test-method signature="TC_21(java.lang.String,java.lang.String)[pri:0, instance:com.api.automation.selenium_demo.Ex_01_Demos.Example_21@7ae42ce3]" started-at="2025-07-21T11:46:45 EDT" name="TC_21" data-provider="getData" finished-at="2025-07-21T11:46:45 EDT" duration-ms="3" status="PASS">
          <params>
            <param index="0">
              <value>
                <![CDATA[sarahspencer63772@slingacademy.com]]>
              </value>
            </param>
            <param index="1">
              <value>
                <![CDATA[14000.0]]>
              </value>
            </param>
          </params>
          <reporter-output>
          </reporter-output>
        </test-method> <!-- TC_21 -->
        <test-method signature="TC_21(java.lang.String,java.lang.String)[pri:0, instance:com.api.automation.selenium_demo.Ex_01_Demos.Example_21@7ae42ce3]" started-at="2025-07-21T11:46:45 EDT" name="TC_21" data-provider="getData" finished-at="2025-07-21T11:46:45 EDT" duration-ms="3" status="PASS">
          <params>
            <param index="0">
              <value>
                <![CDATA[jessicaho64531@slingacademy.com]]>
              </value>
            </param>
            <param index="1">
              <value>
                <![CDATA[12000.0]]>
              </value>
            </param>
          </params>
          <reporter-output>
          </reporter-output>
        </test-method> <!-- TC_21 -->
        <test-method signature="TC_21(java.lang.String,java.lang.String)[pri:0, instance:com.api.automation.selenium_demo.Ex_01_Demos.Example_21@7ae42ce3]" started-at="2025-07-21T11:46:45 EDT" name="TC_21" data-provider="getData" finished-at="2025-07-21T11:46:45 EDT" duration-ms="2" status="PASS">
          <params>
            <param index="0">
              <value>
                <![CDATA[kristyrhodes65269@slingacademy.com]]>
              </value>
            </param>
            <param index="1">
              <value>
                <![CDATA[13500.0]]>
              </value>
            </param>
          </params>
          <reporter-output>
          </reporter-output>
        </test-method> <!-- TC_21 -->
        <test-method signature="TC_21(java.lang.String,java.lang.String)[pri:0, instance:com.api.automation.selenium_demo.Ex_01_Demos.Example_21@7ae42ce3]" started-at="2025-07-21T11:46:45 EDT" name="TC_21" data-provider="getData" finished-at="2025-07-21T11:46:45 EDT" duration-ms="6" status="PASS">
          <params>
            <param index="0">
              <value>
                <![CDATA[josephhobbs66797@slingacademy.com]]>
              </value>
            </param>
            <param index="1">
              <value>
                <![CDATA[7500.0]]>
              </value>
            </param>
          </params>
          <reporter-output>
          </reporter-output>
        </test-method> <!-- TC_21 -->
        <test-method signature="TC_21(java.lang.String,java.lang.String)[pri:0, instance:com.api.automation.selenium_demo.Ex_01_Demos.Example_21@7ae42ce3]" started-at="2025-07-21T11:46:45 EDT" name="TC_21" data-provider="getData" finished-at="2025-07-21T11:46:45 EDT" duration-ms="2" status="PASS">
          <params>
            <param index="0">
              <value>
                <![CDATA[allisonmatthews67756@slingacademy.com]]>
              </value>
            </param>
            <param index="1">
              <value>
                <![CDATA[12000.0]]>
              </value>
            </param>
          </params>
          <reporter-output>
          </reporter-output>
        </test-method> <!-- TC_21 -->
        <test-method signature="TC_21(java.lang.String,java.lang.String)[pri:0, instance:com.api.automation.selenium_demo.Ex_01_Demos.Example_21@7ae42ce3]" started-at="2025-07-21T11:46:45 EDT" name="TC_21" data-provider="getData" finished-at="2025-07-21T11:46:45 EDT" duration-ms="2" status="PASS">
          <params>
            <param index="0">
              <value>
                <![CDATA[jamesphillips68522@slingacademy.com]]>
              </value>
            </param>
            <param index="1">
              <value>
                <![CDATA[14500.0]]>
              </value>
            </param>
          </params>
          <reporter-output>
          </reporter-output>
        </test-method> <!-- TC_21 -->
        <test-method signature="TC_21(java.lang.String,java.lang.String)[pri:0, instance:com.api.automation.selenium_demo.Ex_01_Demos.Example_21@7ae42ce3]" started-at="2025-07-21T11:46:45 EDT" name="TC_21" data-provider="getData" finished-at="2025-07-21T11:46:45 EDT" duration-ms="1" status="PASS">
          <params>
            <param index="0">
              <value>
                <![CDATA[philipthomas69207@slingacademy.com]]>
              </value>
            </param>
            <param index="1">
              <value>
                <![CDATA[15000.0]]>
              </value>
            </param>
          </params>
          <reporter-output>
          </reporter-output>
        </test-method> <!-- TC_21 -->
        <test-method signature="TC_21(java.lang.String,java.lang.String)[pri:0, instance:com.api.automation.selenium_demo.Ex_01_Demos.Example_21@7ae42ce3]" started-at="2025-07-21T11:46:45 EDT" name="TC_21" data-provider="getData" finished-at="2025-07-21T11:46:45 EDT" duration-ms="2" status="PASS">
          <params>
            <param index="0">
              <value>
                <![CDATA[dawnwalker70868@slingacademy.com]]>
              </value>
            </param>
            <param index="1">
              <value>
                <![CDATA[10000.0]]>
              </value>
            </param>
          </params>
          <reporter-output>
          </reporter-output>
        </test-method> <!-- TC_21 -->
        <test-method signature="TC_21(java.lang.String,java.lang.String)[pri:0, instance:com.api.automation.selenium_demo.Ex_01_Demos.Example_21@7ae42ce3]" started-at="2025-07-21T11:46:45 EDT" name="TC_21" data-provider="getData" finished-at="2025-07-21T11:46:45 EDT" duration-ms="2" status="PASS">
          <params>
            <param index="0">
              <value>
                <![CDATA[deniselopez71911@slingacademy.com]]>
              </value>
            </param>
            <param index="1">
              <value>
                <![CDATA[9500.0]]>
              </value>
            </param>
          </params>
          <reporter-output>
          </reporter-output>
        </test-method> <!-- TC_21 -->
        <test-method signature="TC_21(java.lang.String,java.lang.String)[pri:0, instance:com.api.automation.selenium_demo.Ex_01_Demos.Example_21@7ae42ce3]" started-at="2025-07-21T11:46:45 EDT" name="TC_21" data-provider="getData" finished-at="2025-07-21T11:46:45 EDT" duration-ms="2" status="PASS">
          <params>
            <param index="0">
              <value>
                <![CDATA[gregoryhouse72945@slingacademy.com]]>
              </value>
            </param>
            <param index="1">
              <value>
                <![CDATA[9500.0]]>
              </value>
            </param>
          </params>
          <reporter-output>
          </reporter-output>
        </test-method> <!-- TC_21 -->
        <test-method signature="TC_21(java.lang.String,java.lang.String)[pri:0, instance:com.api.automation.selenium_demo.Ex_01_Demos.Example_21@7ae42ce3]" started-at="2025-07-21T11:46:45 EDT" name="TC_21" data-provider="getData" finished-at="2025-07-21T11:46:45 EDT" duration-ms="3" status="PASS">
          <params>
            <param index="0">
              <value>
                <![CDATA[staciediaz73929@slingacademy.com]]>
              </value>
            </param>
            <param index="1">
              <value>
                <![CDATA[11000.0]]>
              </value>
            </param>
          </params>
          <reporter-output>
          </reporter-output>
        </test-method> <!-- TC_21 -->
        <test-method signature="TC_21(java.lang.String,java.lang.String)[pri:0, instance:com.api.automation.selenium_demo.Ex_01_Demos.Example_21@7ae42ce3]" started-at="2025-07-21T11:46:45 EDT" name="TC_21" data-provider="getData" finished-at="2025-07-21T11:46:45 EDT" duration-ms="1" status="PASS">
          <params>
            <param index="0">
              <value>
                <![CDATA[barbaraburns74284@slingacademy.com]]>
              </value>
            </param>
            <param index="1">
              <value>
                <![CDATA[10500.0]]>
              </value>
            </param>
          </params>
          <reporter-output>
          </reporter-output>
        </test-method> <!-- TC_21 -->
        <test-method signature="TC_21(java.lang.String,java.lang.String)[pri:0, instance:com.api.automation.selenium_demo.Ex_01_Demos.Example_21@7ae42ce3]" started-at="2025-07-21T11:46:45 EDT" name="TC_21" data-provider="getData" finished-at="2025-07-21T11:46:45 EDT" duration-ms="2" status="PASS">
          <params>
            <param index="0">
              <value>
                <![CDATA[jessicacortez75317@slingacademy.com]]>
              </value>
            </param>
            <param index="1">
              <value>
                <![CDATA[12000.0]]>
              </value>
            </param>
          </params>
          <reporter-output>
          </reporter-output>
        </test-method> <!-- TC_21 -->
      </class> <!-- com.api.automation.selenium_demo.Ex_01_Demos.Example_21 -->
    </test> <!-- Default test -->
  </suite> <!-- Default suite -->
</testng-results>
